c:\users\sara\documents\asu\sophomore\semester 1\cse240\school projects in c\hw5\hw5\x64\debug\vc143.pdb
c:\users\sara\documents\asu\sophomore\semester 1\cse240\school projects in c\hw5\hw5\x64\debug\vc143.idb
c:\users\sara\documents\asu\sophomore\semester 1\cse240\school projects in c\hw5\hw5\x64\debug\hw06q1.obj
c:\users\sara\documents\asu\sophomore\semester 1\cse240\school projects in c\hw5\x64\debug\hw5.pdb
c:\users\sara\documents\asu\sophomore\semester 1\cse240\school projects in c\hw5\hw5\x64\debug\hw5.tlog\cl.command.1.tlog
c:\users\sara\documents\asu\sophomore\semester 1\cse240\school projects in c\hw5\hw5\x64\debug\hw5.tlog\cl.read.1.tlog
c:\users\sara\documents\asu\sophomore\semester 1\cse240\school projects in c\hw5\hw5\x64\debug\hw5.tlog\cl.write.1.tlog
c:\users\sara\documents\asu\sophomore\semester 1\cse240\school projects in c\hw5\hw5\x64\debug\hw5.tlog\link-cvtres.read.1.tlog
c:\users\sara\documents\asu\sophomore\semester 1\cse240\school projects in c\hw5\hw5\x64\debug\hw5.tlog\link-cvtres.write.1.tlog
c:\users\sara\documents\asu\sophomore\semester 1\cse240\school projects in c\hw5\hw5\x64\debug\hw5.tlog\link-rc.read.1.tlog
c:\users\sara\documents\asu\sophomore\semester 1\cse240\school projects in c\hw5\hw5\x64\debug\hw5.tlog\link-rc.write.1.tlog
c:\users\sara\documents\asu\sophomore\semester 1\cse240\school projects in c\hw5\hw5\x64\debug\hw5.tlog\link.17596-cvtres.read.1.tlog
c:\users\sara\documents\asu\sophomore\semester 1\cse240\school projects in c\hw5\hw5\x64\debug\hw5.tlog\link.17596-cvtres.write.1.tlog
c:\users\sara\documents\asu\sophomore\semester 1\cse240\school projects in c\hw5\hw5\x64\debug\hw5.tlog\link.17596-rc.read.1.tlog
c:\users\sara\documents\asu\sophomore\semester 1\cse240\school projects in c\hw5\hw5\x64\debug\hw5.tlog\link.17596-rc.write.1.tlog
c:\users\sara\documents\asu\sophomore\semester 1\cse240\school projects in c\hw5\hw5\x64\debug\hw5.tlog\link.17596.read.1.tlog
c:\users\sara\documents\asu\sophomore\semester 1\cse240\school projects in c\hw5\hw5\x64\debug\hw5.tlog\link.17596.read.2.tlog
c:\users\sara\documents\asu\sophomore\semester 1\cse240\school projects in c\hw5\hw5\x64\debug\hw5.tlog\link.17596.write.1.tlog
c:\users\sara\documents\asu\sophomore\semester 1\cse240\school projects in c\hw5\hw5\x64\debug\hw5.tlog\link.command.1.tlog
c:\users\sara\documents\asu\sophomore\semester 1\cse240\school projects in c\hw5\hw5\x64\debug\hw5.tlog\link.read.1.tlog
c:\users\sara\documents\asu\sophomore\semester 1\cse240\school projects in c\hw5\hw5\x64\debug\hw5.tlog\link.read.2.tlog
c:\users\sara\documents\asu\sophomore\semester 1\cse240\school projects in c\hw5\hw5\x64\debug\hw5.tlog\link.write.1.tlog
